==============================================================
Vivado(TM) HLS - High-Level Synthesis from C, C++ and SystemC v2019.2 (64-bit)
Copyright 1986-2019 Xilinx, Inc. All Rights Reserved.
==============================================================
INFO: [HLS 200-10] Setting target device to 'xczu28dr-ffvg1517-2-e'
INFO: [SYN 201-201] Setting up clock 'default' with a period of 10ns.
INFO: [XFORM 203-701] Set default FIFO size in dataflow to 1.
INFO: [XFORM 203-701] Set the default channel type in dataflow to FIFO.
INFO: [SIM 211-2] *************** CSIM start ***************
INFO: [SIM 211-4] CSIM will launch GCC as the compiler.
INFO: [SIM 211-1] CSim done with 0 errors.
INFO: [SIM 211-3] *************** CSIM finish ***************
INFO: [SCHED 204-61] Option 'relax_ii_for_timing' is enabled, will increase II to preserve clock frequency constraints.
INFO: [HLS 200-10] Analyzing design file 'os_pfb.cpp' ... 
WARNING: [HLS 200-40] In file included from os_pfb.cpp:4:
In file included from ./os_pfb.h:5:
In file included from /opt/Vivado/2019.2/common/technology/autopilot/hls_fft.h:912:
In file included from /opt/Vivado/2019.2/common/technology/autopilot/hls_fft_x_complex.h:68:
/opt/Vivado/2019.2/common/technology/autopilot/hls_x_complex.h:43:9: warning: hls::x_complex library will be replaced in 2019.2 with a new implementation that does not provide automatic bit width expansion. Please avoid relying on this feature. [-W#pragma-messages]
#pragma message("hls::x_complex library will be replaced in 2019.2 with a new implementation that does not provide automatic bit width expansion. Please avoid relying on this feature.")
        ^
1 warning generated.
WARNING: [HLS 200-40] In file included from os_pfb.cpp:1:
In file included from os_pfb.cpp:4:
In file included from ./os_pfb.h:5:
In file included from /opt/Vivado/2019.2/common/technology/autopilot/hls_fft.h:913:
In file included from /opt/Vivado/2019.2/common/technology/autopilot/hls_fft_x_complex.h:68:
/opt/Vivado/2019.2/common/technology/autopilot/hls_x_complex.h:43:9: warning: hls::x_complex library will be replaced in 2019.2 with a new implementation that does not provide automatic bit width expansion. Please avoid relying on this feature. [-W#pragma-messages]
#pragma message("hls::x_complex library will be replaced in 2019.2 with a new implementation that does not provide automatic bit width expansion. Please avoid relying on this feature.")
        ^
1 warning generated.
INFO: [HLS 200-111] Finished Linking Time (s): cpu = 00:00:23 ; elapsed = 00:00:24 . Memory (MB): peak = 895.750 ; gain = 459.035 ; free physical = 2312 ; free virtual = 12770
INFO: [HLS 200-111] Finished Checking Pragmas Time (s): cpu = 00:00:23 ; elapsed = 00:00:24 . Memory (MB): peak = 895.750 ; gain = 459.035 ; free physical = 2312 ; free virtual = 12770
INFO: [HLS 200-10] Starting code transformations ...
INFO: [HLS 200-111] Finished Standard Transforms Time (s): cpu = 00:00:24 ; elapsed = 00:00:25 . Memory (MB): peak = 895.750 ; gain = 459.035 ; free physical = 2259 ; free virtual = 12756
INFO: [HLS 200-10] Checking synthesizability ...
INFO: [XFORM 203-602] Inlining function 'std::complex<float>::operator*=' into 'std::operator*<float>' () automatically.
INFO: [XFORM 203-602] Inlining function 'std::complex<float>::operator+=<float>' into 'std::operator+<float>' () automatically.
INFO: [XFORM 203-602] Inlining function 'std::operator*<float>' into 'polyphase_filter' (os_pfb.cpp:32) automatically.
INFO: [XFORM 203-602] Inlining function 'std::operator+<float>' into 'polyphase_filter' (os_pfb.cpp:32) automatically.
INFO: [HLS 200-111] Finished Checking Synthesizability Time (s): cpu = 00:00:24 ; elapsed = 00:00:25 . Memory (MB): peak = 895.750 ; gain = 459.035 ; free physical = 2249 ; free virtual = 12747
WARNING: [XFORM 203-1103] Ignored data pack directive on non-struct variable 'ifft_config.data.V' (os_pfb.cpp:93).
INFO: [XFORM 203-1101] Packing variable 'in' (os_pfb.cpp:84) into a 64-bit variable.
INFO: [XFORM 203-1101] Packing variable 'out.data' (os_pfb.cpp:84) into a 64-bit variable.
INFO: [XFORM 203-602] Inlining function 'std::complex<float>::operator*=' into 'std::operator*<float>' () automatically.
INFO: [XFORM 203-602] Inlining function 'std::complex<float>::operator+=<float>' into 'std::operator+<float>' () automatically.
INFO: [XFORM 203-602] Inlining function 'std::operator*<float>' into 'polyphase_filter' (os_pfb.cpp:32) automatically.
INFO: [XFORM 203-602] Inlining function 'std::operator+<float>' into 'polyphase_filter' (os_pfb.cpp:32) automatically.
INFO: [XFORM 203-712] Applying dataflow to function 'os_pfb', detected/extracted 3 process function(s): 
	 'polyphase_filter'
	 'hls::fft<os_pfb_config>'
	 'be'.
WARNING: [XFORM 203-124] Array  'in': may have improper streaming access(es), possible reasons: (1) some entries are accessed more than once; (2) some entries are not used; (3) the entries are not accessed in sequential order.
INFO: [HLS 200-111] Finished Pre-synthesis Time (s): cpu = 00:00:24 ; elapsed = 00:00:26 . Memory (MB): peak = 960.348 ; gain = 523.633 ; free physical = 2184 ; free virtual = 12717
WARNING: [XFORM 203-631] Renaming function 'hls::fft<os_pfb_config>' to 'fft<os_pfb_config>' (/opt/Vivado/2019.2/common/technology/autopilot/hls_fft_x_complex.h:630)
INFO: [HLS 200-472] Inferring partial write operation for 'temp._M_real' (os_pfb.cpp:18:24)
INFO: [HLS 200-472] Inferring partial write operation for 'temp._M_imag' (os_pfb.cpp:18:24)
INFO: [HLS 200-472] Inferring partial write operation for 'filter_state._M_real' (os_pfb.cpp:28:9)
INFO: [HLS 200-472] Inferring partial write operation for 'filter_state._M_real' (os_pfb.cpp:30:9)
INFO: [HLS 200-472] Inferring partial write operation for 'temp._M_real' (os_pfb.cpp:32:27)
INFO: [XFORM 203-603] Evaluating the output(s) of a call to function '_ssdm_op_BitSet.i8.i8.i32.i1' (/opt/Vivado/2019.2/common/technology/autopilot/hls_fft.h:267:9) in function 'polyphase_filter' and propagating its result(s) since all actual argument(s) to the function are constants.
INFO: [HLS 200-111] Finished Architecture Synthesis Time (s): cpu = 00:00:25 ; elapsed = 00:00:26 . Memory (MB): peak = 960.348 ; gain = 523.633 ; free physical = 2156 ; free virtual = 12690
INFO: [HLS 200-10] Starting hardware synthesis ...
INFO: [HLS 200-10] Synthesizing 'os_pfb' ...
WARNING: [SYN 201-103] Legalizing function name 'fft<os_pfb_config>' to 'fft_os_pfb_config_s'.
WARNING: [SYN 201-107] Renaming port name 'os_pfb/in' to 'os_pfb/in_r' to avoid the conflict with HDL keywords or other object names.
INFO: [HLS 200-10] ----------------------------------------------------------------
INFO: [HLS 200-42] -- Implementing module 'polyphase_filter' 
INFO: [HLS 200-10] ----------------------------------------------------------------
INFO: [SCHED 204-11] Starting scheduling ...
INFO: [SCHED 204-11] Finished scheduling.
INFO: [HLS 200-111]  Elapsed time: 26.62 seconds; current allocated memory: 171.165 MB.
INFO: [BIND 205-100] Starting micro-architecture generation ...
INFO: [BIND 205-101] Performing variable lifetime analysis.
INFO: [BIND 205-101] Exploring resource sharing.
INFO: [BIND 205-101] Binding ...
INFO: [BIND 205-100] Finished micro-architecture generation.
INFO: [HLS 200-111]  Elapsed time: 0.14 seconds; current allocated memory: 171.682 MB.
INFO: [HLS 200-10] ----------------------------------------------------------------
INFO: [HLS 200-42] -- Implementing module 'fft_os_pfb_config_s' 
INFO: [HLS 200-10] ----------------------------------------------------------------
INFO: [SCHED 204-11] Skip scheduling the IP block.
INFO: [HLS 200-111]  Elapsed time: 0.14 seconds; current allocated memory: 171.786 MB.
INFO: [BIND 205-100] Starting micro-architecture generation ...
INFO: [BIND 205-101] Performing variable lifetime analysis.
INFO: [BIND 205-101] Exploring resource sharing.
INFO: [BIND 205-101] Binding ...
INFO: [BIND 205-100] Finished micro-architecture generation.
INFO: [HLS 200-111]  Elapsed time: 0 seconds; current allocated memory: 171.805 MB.
INFO: [HLS 200-10] ----------------------------------------------------------------
INFO: [HLS 200-42] -- Implementing module 'be' 
INFO: [HLS 200-10] ----------------------------------------------------------------
INFO: [SCHED 204-11] Starting scheduling ...
INFO: [SCHED 204-11] Finished scheduling.
INFO: [HLS 200-111]  Elapsed time: 0.08 seconds; current allocated memory: 171.857 MB.
