#-----------------------------------------------------------
# Vivado v2019.2 (64-bit)
# SW Build 2708876 on Wed Nov  6 21:39:14 MST 2019
# IP Build 2700528 on Thu Nov  7 00:09:20 MST 2019
# Start of session at: Thu Nov 14 11:13:25 2019
# Process ID: 14562
# Current directory: /home/jpsmith/git-repos/oversampled-pfb/hls/os_pfb_prj/sol1/impl/ip
# Command line: vivado -notrace -mode batch -source run_ippack.tcl
# Log file: /home/jpsmith/git-repos/oversampled-pfb/hls/os_pfb_prj/sol1/impl/ip/vivado.log
# Journal file: /home/jpsmith/git-repos/oversampled-pfb/hls/os_pfb_prj/sol1/impl/ip/vivado.jou
#-----------------------------------------------------------
source run_ippack.tcl -notrace
INFO: [IP_Flow 19-234] Refreshing IP repositories
INFO: [IP_Flow 19-1704] No user IP repositories specified
INFO: [IP_Flow 19-2313] Loaded Vivado IP repository '/opt/Vivado/2019.2/data/ip'.
create_ip: Time (s): cpu = 00:00:04 ; elapsed = 00:00:06 . Memory (MB): peak = 1626.434 ; gain = 118.957 ; free physical = 1487 ; free virtual = 12303
WARNING: [IP_Flow 19-3374] An attempt to modify the value of disabled parameter 'cyclic_prefix_insertion' from 'false' to '0' has been ignored for IP 'fft_os_pfb_config_s_core'
WARNING: [IP_Flow 19-3374] An attempt to modify the value of disabled parameter 'memory_options_hybrid' from 'false' to '0' has been ignored for IP 'fft_os_pfb_config_s_core'
INFO: [IP_Flow 19-1686] Generating 'Synthesis' target for IP 'fft_os_pfb_config_s_core'...
INFO: [IP_Flow 19-1686] Generating 'Simulation' target for IP 'fft_os_pfb_config_s_core'...
WARNING: [IP_Flow 19-4832] The IP name 'os_pfb_ap_fadd_2_full_dsp_32' you have specified is long. The Windows operating system has path length limitations. It is recommended you use shorter names to reduce the likelihood of issues.
INFO: [IP_Flow 19-1686] Generating 'Synthesis' target for IP 'os_pfb_ap_fadd_2_full_dsp_32'...
INFO: [IP_Flow 19-1686] Generating 'Simulation' target for IP 'os_pfb_ap_fadd_2_full_dsp_32'...
WARNING: [IP_Flow 19-4832] The IP name 'os_pfb_ap_faddfsub_2_full_dsp_32' you have specified is long. The Windows operating system has path length limitations. It is recommended you use shorter names to reduce the likelihood of issues.
INFO: [IP_Flow 19-1686] Generating 'Synthesis' target for IP 'os_pfb_ap_faddfsub_2_full_dsp_32'...
INFO: [IP_Flow 19-1686] Generating 'Simulation' target for IP 'os_pfb_ap_faddfsub_2_full_dsp_32'...
WARNING: [IP_Flow 19-4832] The IP name 'os_pfb_ap_fmul_0_max_dsp_32' you have specified is long. The Windows operating system has path length limitations. It is recommended you use shorter names to reduce the likelihood of issues.
INFO: [IP_Flow 19-1686] Generating 'Synthesis' target for IP 'os_pfb_ap_fmul_0_max_dsp_32'...
INFO: [IP_Flow 19-1686] Generating 'Simulation' target for IP 'os_pfb_ap_fmul_0_max_dsp_32'...
INFO: [IP_Flow 19-234] Refreshing IP repositories
INFO: [IP_Flow 19-1704] No user IP repositories specified
INFO: [IP_Flow 19-2313] Loaded Vivado IP repository '/opt/Vivado/2019.2/data/ip'.
INFO: [Common 17-206] Exiting Vivado at Thu Nov 14 11:13:45 2019...
