

================================================================
== Vivado HLS Report for 'fft_os_pfb_config_s'
================================================================
* Date:           Fri Oct 25 14:57:26 2019

* Version:        2018.3 (Build 2405991 on Thu Dec 06 23:56:15 MST 2018)
* Project:        os_pfb_prj
* Solution:       sol1
* Product family: zynquplus
* Target device:  xczu28dr-ffvg1517-2-e


================================================================
== Performance Estimates
================================================================
+ Timing (ns): 
    * Summary: 
    +--------+-------+----------+------------+
    |  Clock | Target| Estimated| Uncertainty|
    +--------+-------+----------+------------+
    |ap_clk  |  10.00|     2.000|        1.25|
    +--------+-------+----------+------------+

+ Latency (clock cycles): 
    * Summary: 
    +-----+-----+-----+-----+---------+
    |  Latency  |  Interval | Pipeline|
    | min | max | min | max |   Type  |
    +-----+-----+-----+-----+---------+
    |  179|  179|  179|  179|   none  |
    +-----+-----+-----+-----+---------+

    + Detail: 
        * Instance: 
        N/A



================================================================
== Utilization Estimates
================================================================
* Summary: 
+-----------------+---------+-------+--------+--------+-----+
|       Name      | BRAM_18K| DSP48E|   FF   |   LUT  | URAM|
+-----------------+---------+-------+--------+--------+-----+
|DSP              |        -|      -|       -|       -|    -|
|Expression       |        -|      -|       -|       -|    -|
|FIFO             |        -|      -|       -|       -|    -|
|Instance         |        2|      0|    7060|    5301|    -|
|Memory           |        -|      -|       -|       -|    -|
|Multiplexer      |        -|      -|       -|       -|    -|
|Register         |        -|      -|       -|       -|    -|
+-----------------+---------+-------+--------+--------+-----+
|Total            |        2|      0|    7060|    5301|    0|
+-----------------+---------+-------+--------+--------+-----+
|Available        |     2160|   4272|  850560|  425280|   80|
+-----------------+---------+-------+--------+--------+-----+
|Utilization (%)  |    ~0   |      0|   ~0   |       1|    0|
+-----------------+---------+-------+--------+--------+-----+

+ Detail: 
    * Instance: 
    N/A

    * DSP48: 
    N/A

    * Memory: 
    N/A

    * FIFO: 
    N/A

    * Expression: 
    N/A

    * Multiplexer: 
    N/A

    * Register: 
    N/A



================================================================
== Interface
================================================================
* Summary: 
+--------------------------+-----+-----+------------+--------------------+--------------+
|         RTL Ports        | Dir | Bits|  Protocol  |    Source Object   |    C Type    |
+--------------------------+-----+-----+------------+--------------------+--------------+
|ap_clk                    |  in |    1| ap_ctrl_hs | fft<os_pfb_config> | return value |
|ap_rst                    |  in |    1| ap_ctrl_hs | fft<os_pfb_config> | return value |
|ap_start                  |  in |    1| ap_ctrl_hs | fft<os_pfb_config> | return value |
|ap_ce                     |  in |    1| ap_ctrl_hs | fft<os_pfb_config> | return value |
|ap_done                   | out |    1| ap_ctrl_hs | fft<os_pfb_config> | return value |
|ap_idle                   | out |    1| ap_ctrl_hs | fft<os_pfb_config> | return value |
|ap_ready                  | out |    1| ap_ctrl_hs | fft<os_pfb_config> | return value |
|ap_continue               |  in |    1| ap_ctrl_hs | fft<os_pfb_config> | return value |
|xn_dout                   |  in |   64|   ap_fifo  |         xn         |    pointer   |
|xn_empty_n                |  in |    1|   ap_fifo  |         xn         |    pointer   |
|xn_read                   | out |    1|   ap_fifo  |         xn         |    pointer   |
|xk_din                    | out |   64|   ap_fifo  |         xk         |    pointer   |
|xk_full_n                 |  in |    1|   ap_fifo  |         xk         |    pointer   |
|xk_write                  | out |    1|   ap_fifo  |         xk         |    pointer   |
|status_data_V_din         | out |    8|   ap_fifo  |    status_data_V   |    pointer   |
|status_data_V_full_n      |  in |    1|   ap_fifo  |    status_data_V   |    pointer   |
|status_data_V_write       | out |    1|   ap_fifo  |    status_data_V   |    pointer   |
|config_ch_data_V_dout     |  in |    8|   ap_fifo  |  config_ch_data_V  |    pointer   |
|config_ch_data_V_empty_n  |  in |    1|   ap_fifo  |  config_ch_data_V  |    pointer   |
|config_ch_data_V_read     | out |    1|   ap_fifo  |  config_ch_data_V  |    pointer   |
+--------------------------+-----+-----+------------+--------------------+--------------+

