

================================================================
== Vivado HLS Report for 'os_pfb'
================================================================
* Date:           Thu Nov 14 11:09:54 2019

* Version:        2019.2 (Build 2704478 on Wed Nov 06 22:10:23 MST 2019)
* Project:        os_pfb_prj
* Solution:       sol1
* Product family: zynquplus
* Target device:  xczu28dr-ffvg1517-2-e


================================================================
== Performance Estimates
================================================================
+ Timing: 
    * Summary: 
    +--------+----------+----------+------------+
    |  Clock |  Target  | Estimated| Uncertainty|
    +--------+----------+----------+------------+
    |ap_clk  | 10.00 ns | 8.750 ns |   1.25 ns  |
    +--------+----------+----------+------------+

+ Latency: 
    * Summary: 
    +---------+---------+-----------+-----------+------+------+----------+
    |  Latency (cycles) |   Latency (absolute)  |   Interval  | Pipeline |
    |   min   |   max   |    min    |    max    |  min |  max |   Type   |
    +---------+---------+-----------+-----------+------+------+----------+
    |     3443|     3443| 34.430 us | 34.430 us |  3444|  3444| dataflow |
    +---------+---------+-----------+-----------+------+------+----------+

    + Detail: 
        * Instance: 
        +----------------------+---------------------+---------+---------+-----------+-----------+------+------+---------+
        |                      |                     |  Latency (cycles) |   Latency (absolute)  |   Interval  | Pipeline|
        |       Instance       |        Module       |   min   |   max   |    min    |    max    |  min |  max |   Type  |
        +----------------------+---------------------+---------+---------+-----------+-----------+------+------+---------+
        |polyphase_filter_U0   |polyphase_filter     |     3443|     3443| 34.430 us | 34.430 us |  3443|  3443|   none  |
        |be_U0                 |be                   |       66|       66|  0.660 us |  0.660 us |    66|    66|   none  |
        |fft_os_pfb_config_U0  |fft_os_pfb_config_s  |      179|      179|  1.790 us |  1.790 us |   179|   179|   none  |
        +----------------------+---------------------+---------+---------+-----------+-----------+------+------+---------+

        * Loop: 
        N/A



================================================================
== Utilization Estimates
================================================================
* Summary: 
+-----------------+---------+-------+--------+--------+-----+
|       Name      | BRAM_18K| DSP48E|   FF   |   LUT  | URAM|
+-----------------+---------+-------+--------+--------+-----+
|DSP              |        -|      -|       -|       -|    -|
|Expression       |        -|      -|       0|       2|    -|
|FIFO             |        0|      -|      20|     192|    -|
|Instance         |        7|     16|    8457|    6982|    0|
|Memory           |        -|      -|       -|       -|    -|
|Multiplexer      |        -|      -|       -|       -|    -|
|Register         |        -|      -|       -|       -|    -|
+-----------------+---------+-------+--------+--------+-----+
|Total            |        7|     16|    8477|    7176|    0|
+-----------------+---------+-------+--------+--------+-----+
|Available        |     2160|   4272|  850560|  425280|   80|
+-----------------+---------+-------+--------+--------+-----+
|Utilization (%)  |    ~0   |   ~0  |   ~0   |       1|    0|
+-----------------+---------+-------+--------+--------+-----+

+ Detail: 
    * Instance: 
    +----------------------+---------------------+---------+-------+------+------+-----+
    |       Instance       |        Module       | BRAM_18K| DSP48E|  FF  |  LUT | URAM|
    +----------------------+---------------------+---------+-------+------+------+-----+
    |be_U0                 |be                   |        0|      0|    17|   126|    0|
    |fft_os_pfb_config_U0  |fft_os_pfb_config_s  |        2|      0|  7060|  5301|    0|
    |polyphase_filter_U0   |polyphase_filter     |        5|     16|  1380|  1555|    0|
    +----------------------+---------------------+---------+-------+------+------+-----+
    |Total                 |                     |        7|     16|  8457|  6982|    0|
    +----------------------+---------------------+---------+-------+------+------+-----+

    * DSP48E: 
    N/A

    * Memory: 
    N/A

    * FIFO: 
    +----------------------+---------+---+----+-----+------+-----+---------+
    |         Name         | BRAM_18K| FF| LUT| URAM| Depth| Bits| Size:D*B|
    +----------------------+---------+---+----+-----+------+-----+---------+
    |filter_out_channel_U  |        0|  5|   0|    -|     1|   64|       64|
    |ifft_config_data_V_U  |        0|  5|   0|    -|     1|    8|        8|
    |ifft_out_channel_U    |        0|  5|   0|    -|     1|   64|       64|
    |ifft_status_data_V_U  |        0|  5|   0|    -|     1|    8|        8|
    +----------------------+---------+---+----+-----+------+-----+---------+
    |Total                 |        0| 20|   0|    0|     4|  144|      144|
    +----------------------+---------+---+----+-----+------+-----+---------+

    * Expression: 
    +----------------------------------+----------+-------+---+----+------------+------------+
    |           Variable Name          | Operation| DSP48E| FF| LUT| Bitwidth P0| Bitwidth P1|
    +----------------------------------+----------+-------+---+----+------------+------------+
    |polyphase_filter_U0_start_full_n  |    and   |      0|  0|   2|           1|           1|
    +----------------------------------+----------+-------+---+----+------------+------------+
    |Total                             |          |      0|  0|   2|           1|           1|
    +----------------------------------+----------+-------+---+----+------------+------------+

    * Multiplexer: 
    N/A

    * Register: 
    N/A



================================================================
== Interface
================================================================
* Summary: 
+---------------+-----+-----+--------------+--------------+--------------+
|   RTL Ports   | Dir | Bits|   Protocol   | Source Object|    C Type    |
+---------------+-----+-----+--------------+--------------+--------------+
|in_r_TDATA     |  in |   64|     axis     |     in_r     |    pointer   |
|in_r_TVALID    |  in |    1|     axis     |     in_r     |    pointer   |
|in_r_TREADY    | out |    1|     axis     |     in_r     |    pointer   |
|out_r_TDATA    | out |   64|     axis     |   out_data   |    pointer   |
|out_r_TLAST    | out |    1|     axis     |  out_last_V  |    pointer   |
|out_r_TVALID   | out |    1|     axis     |  out_last_V  |    pointer   |
|out_r_TREADY   |  in |    1|     axis     |  out_last_V  |    pointer   |
|ovflow_TDATA   | out |    8|     axis     |    ovflow    |    pointer   |
|ovflow_TVALID  | out |    1|     axis     |    ovflow    |    pointer   |
|ovflow_TREADY  |  in |    1|     axis     |    ovflow    |    pointer   |
|ap_clk         |  in |    1| ap_ctrl_none |    os_pfb    | return value |
|ap_rst_n       |  in |    1| ap_ctrl_none |    os_pfb    | return value |
+---------------+-----+-----+--------------+--------------+--------------+

