

================================================================
== Vivado HLS Report for 'polyphase_filter'
================================================================
* Date:           Thu Oct 24 13:28:49 2019

* Version:        2018.3 (Build 2405991 on Thu Dec 06 23:56:15 MST 2018)
* Project:        os_pfb_prj
* Solution:       sol1
* Product family: zynquplus
* Target device:  xczu28dr-ffvg1517-2-e


================================================================
== Performance Estimates
================================================================
+ Timing (ns): 
    * Summary: 
    +--------+-------+----------+------------+
    |  Clock | Target| Estimated| Uncertainty|
    +--------+-------+----------+------------+
    |ap_clk  |  10.00|     8.419|        1.25|
    +--------+-------+----------+------------+

+ Latency (clock cycles): 
    * Summary: 
    +------+------+------+------+---------+
    |   Latency   |   Interval  | Pipeline|
    |  min |  max |  min |  max |   Type  |
    +------+------+------+------+---------+
    |  3443|  3443|  3443|  3443|   none  |
    +------+------+------+------+---------+

    + Detail: 
        * Instance: 
        N/A

        * Loop: 
        +-------------+------+------+----------+-----------+-----------+------+----------+
        |             |   Latency   | Iteration|  Initiation Interval  | Trip |          |
        |  Loop Name  |  min |  max |  Latency |  achieved |   target  | Count| Pipelined|
        +-------------+------+------+----------+-----------+-----------+------+----------+
        |- Loop 1     |    31|    31|         1|          -|          -|    32|    no    |
        |- Loop 2     |  3344|  3344|       418|          -|          -|     8|    no    |
        | + Loop 2.1  |   416|   416|        13|          -|          -|    32|    no    |
        |- Loop 3     |    64|    64|         2|          -|          -|    32|    no    |
        +-------------+------+------+----------+-----------+-----------+------+----------+



================================================================
== Utilization Estimates
================================================================
* Summary: 
+-----------------+---------+-------+--------+--------+-----+
|       Name      | BRAM_18K| DSP48E|   FF   |   LUT  | URAM|
+-----------------+---------+-------+--------+--------+-----+
|DSP              |        -|      -|       -|       -|    -|
|Expression       |        -|      -|       0|     183|    -|
|FIFO             |        -|      -|       -|       -|    -|
|Instance         |        -|     16|     966|     968|    -|
|Memory           |        5|      -|       5|       1|    -|
|Multiplexer      |        -|      -|       -|     439|    -|
|Register         |        -|      -|     541|       -|    -|
+-----------------+---------+-------+--------+--------+-----+
|Total            |        5|     16|    1512|    1591|    0|
+-----------------+---------+-------+--------+--------+-----+
|Available        |     2160|   4272|  850560|  425280|   80|
+-----------------+---------+-------+--------+--------+-----+
|Utilization (%)  |    ~0   |   ~0  |   ~0   |   ~0   |    0|
+-----------------+---------+-------+--------+--------+-----+

+ Detail: 
    * Instance: 
    +----------------------------------------------+-------------------------------------------+---------+-------+-----+-----+
    |                   Instance                   |                   Module                  | BRAM_18K| DSP48E|  FF | LUT |
    +----------------------------------------------+-------------------------------------------+---------+-------+-----+-----+
    |os_pfb_fadd_32ns_32ns_32_4_full_dsp_1_U2      |os_pfb_fadd_32ns_32ns_32_4_full_dsp_1      |        0|      2|  227|  214|
    |os_pfb_faddfsub_32ns_32ns_32_4_full_dsp_1_U1  |os_pfb_faddfsub_32ns_32ns_32_4_full_dsp_1  |        0|      2|  227|  214|
    |os_pfb_fmul_32ns_32ns_32_2_max_dsp_1_U3       |os_pfb_fmul_32ns_32ns_32_2_max_dsp_1       |        0|      3|  128|  135|
    |os_pfb_fmul_32ns_32ns_32_2_max_dsp_1_U4       |os_pfb_fmul_32ns_32ns_32_2_max_dsp_1       |        0|      3|  128|  135|
    |os_pfb_fmul_32ns_32ns_32_2_max_dsp_1_U5       |os_pfb_fmul_32ns_32ns_32_2_max_dsp_1       |        0|      3|  128|  135|
    |os_pfb_fmul_32ns_32ns_32_2_max_dsp_1_U6       |os_pfb_fmul_32ns_32ns_32_2_max_dsp_1       |        0|      3|  128|  135|
    +----------------------------------------------+-------------------------------------------+---------+-------+-----+-----+
    |Total                                         |                                           |        0|     16|  966|  968|
    +----------------------------------------------+-------------------------------------------+---------+-------+-----+-----+

    * DSP48: 
    N/A

    * Memory: 
    +-----------------------+--------------------------------------+---------+---+----+------+-----+------+-------------+
    |         Memory        |                Module                | BRAM_18K| FF| LUT| Words| Bits| Banks| W*Bits*Banks|
    +-----------------------+--------------------------------------+---------+---+----+------+-----+------+-------------+
    |filter_state_M_real_U  |polyphase_filter_filter_state_M_real  |        1|  0|   0|   256|   32|     1|         8192|
    |filter_state_M_imag_U  |polyphase_filter_filter_state_M_real  |        1|  0|   0|   256|   32|     1|         8192|
    |h_U                    |polyphase_filter_h                    |        1|  0|   0|   256|   32|     1|         8192|
    |shift_states_U         |polyphase_filter_shift_states         |        0|  5|   1|     4|    5|     1|           20|
    |temp_M_real_U          |polyphase_filter_temp_M_real          |        1|  0|   0|    32|   32|     1|         1024|
    |temp_M_imag_U          |polyphase_filter_temp_M_real          |        1|  0|   0|    32|   32|     1|         1024|
    +-----------------------+--------------------------------------+---------+---+----+------+-----+------+-------------+
    |Total                  |                                      |        5|  5|   1|   836|  165|     6|        26644|
    +-----------------------+--------------------------------------+---------+---+----+------+-----+------+-------------+

    * FIFO: 
    N/A

    * Expression: 
    +-------------------------------+----------+-------+---+----+------------+------------+
    |         Variable Name         | Operation| DSP48E| FF| LUT| Bitwidth P0| Bitwidth P1|
    +-------------------------------+----------+-------+---+----+------------+------------+
    |i_1_fu_536_p2                  |     +    |      0|  0|  15|           6|           1|
    |idx_fu_460_p2                  |     +    |      0|  0|  15|           8|           8|
    |m_1_fu_524_p2                  |     +    |      0|  0|  15|           6|           2|
    |p_1_fu_513_p2                  |     +    |      0|  0|  12|           4|           2|
    |tmp_10_fu_557_p2               |     +    |      0|  0|  12|           1|           4|
    |tmp_13_fu_477_p2               |     +    |      0|  0|  15|           8|           6|
    |tmp_9_fu_397_p2                |     +    |      0|  0|  15|           5|           1|
    |p_neg_t_fu_599_p2              |     -    |      0|  0|  12|           1|           4|
    |tmpidx_fu_546_p2               |     -    |      0|  0|  15|           5|           5|
    |ap_block_state4                |    and   |      0|  0|   2|           1|           1|
    |ap_predicate_op66_read_state4  |    and   |      0|  0|   2|           1|           1|
    |in_r_0_load_A                  |    and   |      0|  0|   2|           1|           1|
    |in_r_0_load_B                  |    and   |      0|  0|   2|           1|           1|
    |exitcond_fu_530_p2             |   icmp   |      0|  0|  11|           6|           7|
    |in_r_0_state_cmp_full          |   icmp   |      0|  0|   8|           2|           1|
    |tmp_1_fu_409_p2                |   icmp   |      0|  0|  11|           5|           2|
    |tmp_6_fu_465_p2                |   icmp   |      0|  0|  11|           8|           5|
    |ap_block_state1                |    or    |      0|  0|   2|           1|           1|
    |tmp_11_fu_605_p3               |  select  |      0|  0|   4|           1|           4|
    |tmp_19_fu_585_p2               |    xor   |      0|  0|   2|           2|           2|
    +-------------------------------+----------+-------+---+----+------------+------------+
    |Total                          |          |      0|  0| 183|          73|          59|
    +-------------------------------+----------+-------+---+----+------------+------------+

    * Multiplexer: 
    +------------------------------+----+-----------+-----+-----------+
    |             Name             | LUT| Input Size| Bits| Total Bits|
    +------------------------------+----+-----------+-----+-----------+
    |ap_NS_fsm                     |  97|         20|    1|         20|
    |ap_done                       |   9|          2|    1|          2|
    |filter_out_blk_n              |   9|          2|    1|          2|
    |filter_state_M_imag_address0  |  21|          4|    8|         32|
    |filter_state_M_imag_d0        |  15|          3|   32|         96|
    |filter_state_M_real_address0  |  21|          4|    8|         32|
    |filter_state_M_real_d0        |  15|          3|   32|         96|
    |grp_fu_363_opcode             |  15|          3|    2|          6|
    |grp_fu_363_p0                 |  15|          3|   32|         96|
    |grp_fu_363_p1                 |  15|          3|   32|         96|
    |grp_fu_367_p0                 |  15|          3|   32|         96|
    |grp_fu_367_p1                 |  15|          3|   32|         96|
    |i_reg_352                     |   9|          2|    6|         12|
    |ifft_config_data_V_blk_n      |   9|          2|    1|          2|
    |in_r_0_data_out               |   9|          2|   64|        128|
    |in_r_0_state                  |  15|          3|    2|          6|
    |in_r_TDATA_blk_n              |   9|          2|    1|          2|
    |m_reg_320                     |   9|          2|    6|         12|
    |p_r_M_imag_reg_332            |   9|          2|   32|         64|
    |p_r_M_real_reg_342            |   9|          2|   32|         64|
    |p_reg_308                     |   9|          2|    4|          8|
    |real_start                    |   9|          2|    1|          2|
    |temp_M_imag_address0          |  21|          4|    5|         20|
    |temp_M_imag_d0                |  15|          3|   32|         96|
    |temp_M_real_address0          |  21|          4|    5|         20|
    |temp_M_real_d0                |  15|          3|   32|         96|
    |tmp_8_reg_297                 |   9|          2|    5|         10|
    +------------------------------+----+-----------+-----+-----------+
    |Total                         | 439|         90|  441|       1212|
    +------------------------------+----+-----------+-----+-----------+

    * Register: 
    +-----------------------------+----+----+-----+-----------+
    |             Name            | FF | LUT| Bits| Const Bits|
    +-----------------------------+----+----+-----+-----------+
    |ap_CS_fsm                    |  19|   0|   19|          0|
    |ap_done_reg                  |   1|   0|    1|          0|
    |complex_M_imag_writ_reg_768  |  32|   0|   32|          0|
    |complex_M_real_writ_reg_763  |  32|   0|   32|          0|
    |h_load_reg_737               |  32|   0|   32|          0|
    |i_1_reg_791                  |   6|   0|    6|          0|
    |i_reg_352                    |   6|   0|    6|          0|
    |in_r_0_payload_A             |  64|   0|   64|          0|
    |in_r_0_payload_B             |  64|   0|   64|          0|
    |in_r_0_sel_rd                |   1|   0|    1|          0|
    |in_r_0_sel_wr                |   1|   0|    1|          0|
    |in_r_0_state                 |   2|   0|    2|          0|
    |m_1_reg_732                  |   6|   0|    6|          0|
    |m_cast_reg_663               |  32|   0|   32|          0|
    |m_reg_320                    |   6|   0|    6|          0|
    |p_r_M_imag_reg_332           |  32|   0|   32|          0|
    |p_r_M_real_reg_342           |  32|   0|   32|          0|
    |p_reg_308                    |   4|   0|    4|          0|
    |shift_reg_783                |   5|   0|    5|          0|
    |start_once_reg               |   1|   0|    1|          0|
    |state_idx                    |   4|   0|    4|          0|
    |state_idx_load_reg_652       |   4|   0|    4|          0|
    |temp_M_imag_addr_2_reg_722   |   5|   0|    5|          0|
    |temp_M_real_addr_2_reg_717   |   5|   0|    5|          0|
    |tmp_2_i_i_reg_748            |  32|   0|   32|          0|
    |tmp_3_reg_647                |   3|   0|    8|          5|
    |tmp_4_i_i_reg_753            |  32|   0|   32|          0|
    |tmp_5_i_i_reg_758            |  32|   0|   32|          0|
    |tmp_6_reg_671                |   1|   0|    1|          0|
    |tmp_7_reg_675                |   8|   0|   64|         56|
    |tmp_8_reg_297                |   5|   0|    5|          0|
    |tmp_i_i_reg_743              |  32|   0|   32|          0|
    +-----------------------------+----+----+-----+-----------+
    |Total                        | 541|   0|  602|         61|
    +-----------------------------+----+----+-----+-----------+



================================================================
== Interface
================================================================
* Summary: 
+---------------------------+-----+-----+------------+--------------------+--------------+
|         RTL Ports         | Dir | Bits|  Protocol  |    Source Object   |    C Type    |
+---------------------------+-----+-----+------------+--------------------+--------------+
|ap_clk                     |  in |    1| ap_ctrl_hs |  polyphase_filter  | return value |
|ap_rst                     |  in |    1| ap_ctrl_hs |  polyphase_filter  | return value |
|ap_start                   |  in |    1| ap_ctrl_hs |  polyphase_filter  | return value |
|start_full_n               |  in |    1| ap_ctrl_hs |  polyphase_filter  | return value |
|ap_done                    | out |    1| ap_ctrl_hs |  polyphase_filter  | return value |
|ap_continue                |  in |    1| ap_ctrl_hs |  polyphase_filter  | return value |
|ap_idle                    | out |    1| ap_ctrl_hs |  polyphase_filter  | return value |
|ap_ready                   | out |    1| ap_ctrl_hs |  polyphase_filter  | return value |
|start_out                  | out |    1| ap_ctrl_hs |  polyphase_filter  | return value |
|start_write                | out |    1| ap_ctrl_hs |  polyphase_filter  | return value |
|in_r_TDATA                 |  in |   64|    axis    |        in_r        |    pointer   |
|in_r_TVALID                |  in |    1|    axis    |        in_r        |    pointer   |
|in_r_TREADY                | out |    1|    axis    |        in_r        |    pointer   |
|filter_out_din             | out |   64|   ap_fifo  |     filter_out     |    pointer   |
|filter_out_full_n          |  in |    1|   ap_fifo  |     filter_out     |    pointer   |
|filter_out_write           | out |    1|   ap_fifo  |     filter_out     |    pointer   |
|ifft_config_data_V_din     | out |    8|   ap_fifo  | ifft_config_data_V |    pointer   |
|ifft_config_data_V_full_n  |  in |    1|   ap_fifo  | ifft_config_data_V |    pointer   |
|ifft_config_data_V_write   | out |    1|   ap_fifo  | ifft_config_data_V |    pointer   |
+---------------------------+-----+-----+------------+--------------------+--------------+

