Copyright 1986-2018 Xilinx, Inc. All Rights Reserved.
----------------------------------------------------------------------------------------------------------------------------------------------------------------
| Tool Version     : Vivado v.2018.3 (lin64) Build 2405991 Thu Dec  6 23:36:41 MST 2018
| Date             : Thu Oct 24 17:24:36 2019
| Host             : smithpc running 64-bit Ubuntu 16.04.6 LTS
| Command          : report_power -file os_pfb_wrapper_power_routed.rpt -pb os_pfb_wrapper_power_summary_routed.pb -rpx os_pfb_wrapper_power_routed.rpx
| Design           : os_pfb_wrapper
| Device           : xczu28dr-ffvg1517-2-e
| Design State     : routed
| Grade            : extended
| Process          : typical
| Characterization : Production
----------------------------------------------------------------------------------------------------------------------------------------------------------------

Power Report

Table of Contents
-----------------
1. Summary
1.1 On-Chip Components
1.2 Power Supply Summary
1.3 Confidence Level
2. Settings
2.1 Environment
2.2 Clock Constraints
3. Detailed Reports
3.1 By Hierarchy

1. Summary
----------

+--------------------------+--------------+
| Total On-Chip Power (W)  | 4.009        |
| Design Power Budget (W)  | Unspecified* |
| Power Budget Margin (W)  | NA           |
| Dynamic (W)              | 2.813        |
| Device Static (W)        | 1.196        |
| Effective TJA (C/W)      | 0.8          |
| Max Ambient (C)          | 96.6         |
| Junction Temperature (C) | 28.4         |
| Confidence Level         | Medium       |
| Setting File             | ---          |
| Simulation Activity File | ---          |
| Design Nets Matched      | NA           |
+--------------------------+--------------+
* Specify Design Power Budget using, set_operating_conditions -design_power_budget <value in Watts>


1.1 On-Chip Components
----------------------

+--------------------------+-----------+----------+-----------+-----------------+
| On-Chip                  | Power (W) | Used     | Available | Utilization (%) |
+--------------------------+-----------+----------+-----------+-----------------+
| Clocks                   |     0.033 |        3 |       --- |             --- |
| CLB Logic                |     0.047 |    29830 |       --- |             --- |
|   LUT as Distributed RAM |     0.021 |      854 |    213600 |            0.40 |
|   LUT as Logic           |     0.018 |     8369 |    425280 |            1.97 |
|   LUT as Shift Register  |     0.004 |      813 |    213600 |            0.38 |
|   Register               |     0.003 |    14655 |    850560 |            1.72 |
|   CARRY8                 |    <0.001 |      212 |     53160 |            0.40 |
|   BUFG                   |    <0.001 |        1 |        64 |            1.56 |
|   Others                 |     0.000 |     1512 |       --- |             --- |
|   F7/F8 Muxes            |     0.000 |        9 |    425280 |           <0.01 |
| Signals                  |     0.025 |    22009 |       --- |             --- |
| Block RAM                |     0.006 |      6.5 |      1080 |            0.60 |
| DSPs                     |     0.008 |       26 |      4272 |            0.61 |
| PS8                      |     2.695 |        1 |       --- |             --- |
| Static Power             |     1.196 |          |           |                 |
|   PS Static              |     0.098 |          |           |                 |
|   PL Static              |     1.097 |          |           |                 |
| Total                    |     4.009 |          |           |                 |
+--------------------------+-----------+----------+-----------+-----------------+


1.2 Power Supply Summary
------------------------

+-----------------+-------------+-----------+-------------+------------+
| Source          | Voltage (V) | Total (A) | Dynamic (A) | Static (A) |
+-----------------+-------------+-----------+-------------+------------+
| Vccint          |       0.850 |     0.442 |       0.138 |      0.304 |
| Vccint_io       |       0.850 |     0.071 |       0.000 |      0.071 |
| Vccbram         |       0.850 |     0.005 |       0.001 |      0.004 |
| Vccaux          |       1.800 |     0.279 |       0.000 |      0.279 |
| Vccaux_io       |       1.800 |     0.058 |       0.000 |      0.058 |
| Vcco33          |       3.300 |     0.000 |       0.000 |      0.000 |
| Vcco25          |       2.500 |     0.000 |       0.000 |      0.000 |
| Vcco18          |       1.800 |     0.000 |       0.000 |      0.000 |
| Vcco15          |       1.500 |     0.000 |       0.000 |      0.000 |
| Vcco135         |       1.350 |     0.000 |       0.000 |      0.000 |
| Vcco12          |       1.200 |     0.000 |       0.000 |      0.000 |
| Vcco10          |       1.000 |     0.000 |       0.000 |      0.000 |
| Vccadc          |       1.800 |     0.008 |       0.000 |      0.008 |
| VCC_PSINTFP     |       0.850 |     1.071 |       1.036 |      0.034 |
| VCC_PSINTLP     |       0.850 |     0.275 |       0.268 |      0.007 |
| VPS_MGTRAVCC    |       0.850 |     0.139 |       0.138 |      0.001 |
| VCC_PSINTFP_DDR |       0.850 |     0.701 |       0.696 |      0.004 |
| VCC_PSPLL       |       1.200 |     0.073 |       0.071 |      0.002 |
| VPS_MGTRAVTT    |       1.800 |     0.034 |       0.033 |      0.001 |
| VCCO_PSDDR_504  |       1.200 |     0.626 |       0.592 |      0.034 |
| VCC_PSAUX       |       1.800 |     0.002 |       0.000 |      0.002 |
| VCC_PSBATT      |       1.200 |     0.000 |       0.000 |      0.000 |
| VCC_PSDDR_PLL   |       1.800 |     0.012 |       0.011 |      0.001 |
| VCCO_PSIO0_500  |       1.800 |     0.001 |       0.000 |      0.001 |
| VCCO_PSIO1_501  |       1.800 |     0.001 |       0.000 |      0.001 |
| VCCO_PSIO2_502  |       1.800 |     0.001 |       0.000 |      0.001 |
| VCCO_PSIO3_503  |       3.300 |     0.001 |       0.000 |      0.001 |
| VCC_PSADC       |       1.800 |     0.002 |       0.000 |      0.002 |
| VCCINT_AMS      |       0.850 |     0.010 |       0.000 |      0.010 |
| DACAVCC         |       0.925 |     0.008 |       0.000 |      0.008 |
| DACAVCCAUX      |       1.800 |     0.000 |       0.000 |      0.000 |
| DACAVTT         |       2.500 |     0.005 |       0.000 |      0.005 |
| ADCAVCC         |       0.925 |     0.011 |       0.000 |      0.011 |
| ADCAVCCAUX      |       1.800 |     0.049 |       0.000 |      0.049 |
| VCCSDFEC        |       0.850 |     0.029 |       0.000 |      0.029 |
| MGTYAVcc        |       0.900 |     0.000 |       0.000 |      0.000 |
| MGTYAVtt        |       1.200 |     0.000 |       0.000 |      0.000 |
| MGTYVccaux      |       1.800 |     0.000 |       0.000 |      0.000 |
+-----------------+-------------+-----------+-------------+------------+


1.3 Confidence Level
--------------------

+-----------------------------+------------+------------------------------------------------+------------------------------------------------------------------------------------------------------------+
| User Input Data             | Confidence | Details                                        | Action                                                                                                     |
+-----------------------------+------------+------------------------------------------------+------------------------------------------------------------------------------------------------------------+
| Design implementation state | High       | Design is routed                               |                                                                                                            |
| Clock nodes activity        | High       | User specified more than 95% of clocks         |                                                                                                            |
| I/O nodes activity          | High       | User specified more than 95% of inputs         |                                                                                                            |
| Internal nodes activity     | Medium     | User specified less than 25% of internal nodes | Provide missing internal nodes activity with simulation results or by editing the "By Resource Type" views |
| Device models               | High       | Device models are Production                   |                                                                                                            |
|                             |            |                                                |                                                                                                            |
| Overall confidence level    | Medium     |                                                |                                                                                                            |
+-----------------------------+------------+------------------------------------------------+------------------------------------------------------------------------------------------------------------+


2. Settings
-----------

2.1 Environment
---------------

+-----------------------+--------------------------+
| Ambient Temp (C)      | 25.0                     |
| ThetaJA (C/W)         | 0.8                      |
| Airflow (LFM)         | 250                      |
| Heat Sink             | medium (Medium Profile)  |
| ThetaSA (C/W)         | 1.2                      |
| Board Selection       | medium (10"x10")         |
| # of Board Layers     | 12to15 (12 to 15 Layers) |
| Board Temperature (C) | 25.0                     |
+-----------------------+--------------------------+


2.2 Clock Constraints
---------------------

+----------+------------------------------------------------------+-----------------+
| Clock    | Domain                                               | Constraint (ns) |
+----------+------------------------------------------------------+-----------------+
| clk_pl_0 | os_pfb_i/zynq_ultra_ps_e_0/inst/pl_clk_unbuffered[0] |            10.0 |
+----------+------------------------------------------------------+-----------------+


3. Detailed Reports
-------------------

3.1 By Hierarchy
----------------

+-----------------------+-----------+
| Name                  | Power (W) |
+-----------------------+-----------+
| os_pfb_wrapper        |     2.813 |
|   os_pfb_i            |     2.813 |
|     axi_dma_0         |     0.007 |
|       U0              |     0.007 |
|     axi_smc           |     0.041 |
|       inst            |     0.041 |
|     os_pfb            |     0.054 |
|       inst            |     0.054 |
|     ps8_0_axi_periph  |     0.014 |
|       s00_couplers    |     0.006 |
|       s01_couplers    |     0.006 |
|       xbar            |     0.001 |
|     zynq_ultra_ps_e_0 |     2.697 |
|       inst            |     2.697 |
+-----------------------+-----------+


