INFO: [SIM 2] *************** CSIM start ***************
INFO: [SIM 4] CSIM will launch GCC as the compiler.
   Compiling ../../../../sim.cpp in debug mode
   Compiling ../../../../os_pfb.cpp in debug mode
   Generating csim.exe


Oversampled Polyphase Filterbank Simulation Info
	 Polyphase branches (M)      : 32
	 Decimation rate (D)         : 24
	 Protoype Filter taps (L)    : 256
	 Polyphase filter taps (L/M) : 8
	 Frequency shift compensation: [ 0 24 16 8 ]

Signal simulation info
	 Fs (Hz)            : 10000
	 F_soi (Hz)         : [ 0 312.5 625 937.5 1250 1562.5 1875 2187.5 2500 2812.5 3125 3437.5 3750 4062.5 4375 4687.5 5000 5312.5 5625 5937.5 6250 6562.5 6875 7187.5 7500 7812.5 8125 8437.5 8750 9062.5 9375 9687.5 ]
	 simulation time (s): 0.01
	 Number samples     : 100
	 processing windows : 4

Finished processing! (windows=4)

INFO: [SIM 1] CSim done with 0 errors.
INFO: [SIM 3] *************** CSIM finish ***************
